INFO:__main__:ğŸš€ Starting SystemExecutionHarness integration tests
INFO:__main__:ğŸ§ª Running TestStreamManager.test_stream_creation
INFO:StreamManager:âœ¨ StreamManager initialized with default buffer size: 50
INFO:StreamManager:ğŸ“¤ğŸ“¥ Created stream 021bf4c9: comp1 â†’ comp2 (buffer: 100, creation time: 0.033ms)
INFO:StreamManager:ğŸ“¤ğŸ“¥ Created stream 4fedd765: comp2 â†’ comp3 (buffer: 50, creation time: 0.006ms)
INFO:StreamManager:ğŸ”’ Closing all 2 active streams
INFO:StreamManager:ğŸ”’ Explicitly closed stream 021bf4c9
INFO:StreamManager:ğŸ”’ Explicitly closed stream 4fedd765
INFO:StreamManager:âœ… All streams closed
INFO:__main__:âœ… TestStreamManager.test_stream_creation PASSED
INFO:__main__:ğŸ§ª Running TestStreamManager.test_stream_health_monitoring
INFO:StreamManager:âœ¨ StreamManager initialized with default buffer size: 100
INFO:StreamManager:ğŸ“¤ğŸ“¥ Created stream 36c657a4: comp0 â†’ comp1 (buffer: 100, creation time: 0.006ms)
INFO:StreamManager:ğŸ“¤ğŸ“¥ Created stream c37fc6e1: comp1 â†’ comp2 (buffer: 100, creation time: 0.005ms)
INFO:StreamManager:ğŸ“¤ğŸ“¥ Created stream f9e1bf6d: comp2 â†’ comp3 (buffer: 100, creation time: 0.004ms)
ERROR:__main__:âŒ TestStreamManager.test_stream_health_monitoring FAILED: 'total_streams'
INFO:__main__:ğŸ§ª Running TestSystemExecutionHarness.test_harness_initialization
INFO:StreamManager:âœ¨ StreamManager initialized with default buffer size: 200
INFO:SystemExecutionHarness.8fc5b5b1:âœ¨ SystemExecutionHarness created with ID: 8fc5b5b1
INFO:__main__:âœ… TestSystemExecutionHarness.test_harness_initialization PASSED
INFO:__main__:ğŸ§ª Running TestSystemExecutionHarness.test_component_registration
INFO:StreamManager:âœ¨ StreamManager initialized with default buffer size: 100
INFO:SystemExecutionHarness.a8d766c0:âœ¨ SystemExecutionHarness created with ID: a8d766c0
ERROR:__main__:âŒ TestSystemExecutionHarness.test_component_registration FAILED: can't set attribute 'is_running'
INFO:__main__:ğŸ§ª Running TestSystemExecutionHarness.test_stream_connections
INFO:StreamManager:âœ¨ StreamManager initialized with default buffer size: 100
INFO:SystemExecutionHarness.139b5b59:âœ¨ SystemExecutionHarness created with ID: 139b5b59
ERROR:__main__:âŒ TestSystemExecutionHarness.test_stream_connections FAILED: can't set attribute 'is_running'
INFO:__main__:ğŸ§ª Running TestSystemExecutionHarness.test_simple_pipeline_execution
INFO:StreamManager:âœ¨ StreamManager initialized with default buffer size: 100
INFO:SystemExecutionHarness.ed912eec:âœ¨ SystemExecutionHarness created with ID: ed912eec
ERROR:__main__:âŒ TestSystemExecutionHarness.test_simple_pipeline_execution FAILED: can't set attribute 'is_running'
INFO:__main__:ğŸ§ª Running TestSystemExecutionHarness.test_dependency_order_startup
INFO:StreamManager:âœ¨ StreamManager initialized with default buffer size: 100
INFO:SystemExecutionHarness.e9b26dc9:âœ¨ SystemExecutionHarness created with ID: e9b26dc9
ERROR:__main__:âŒ TestSystemExecutionHarness.test_dependency_order_startup FAILED: can't set attribute 'is_running'
INFO:__main__:ğŸ§ª Running TestSystemExecutionHarness.test_error_handling_during_setup
INFO:StreamManager:âœ¨ StreamManager initialized with default buffer size: 100
INFO:SystemExecutionHarness.2621468e:âœ¨ SystemExecutionHarness created with ID: 2621468e
ERROR:__main__:âŒ TestSystemExecutionHarness.test_error_handling_during_setup FAILED: can't set attribute 'is_running'
INFO:__main__:ğŸ§ª Running TestSystemExecutionHarness.test_component_failure_isolation
INFO:StreamManager:âœ¨ StreamManager initialized with default buffer size: 100
INFO:SystemExecutionHarness.77eb3416:âœ¨ SystemExecutionHarness created with ID: 77eb3416
ERROR:__main__:âŒ TestSystemExecutionHarness.test_component_failure_isolation FAILED: can't set attribute 'is_running'
INFO:__main__:ğŸ§ª Running TestSystemExecutionHarness.test_health_monitoring
INFO:StreamManager:âœ¨ StreamManager initialized with default buffer size: 100
INFO:SystemExecutionHarness.9cd21f76:âœ¨ SystemExecutionHarness created with ID: 9cd21f76
ERROR:__main__:âŒ TestSystemExecutionHarness.test_health_monitoring FAILED: can't set attribute 'is_running'
INFO:__main__:ğŸ§ª Running TestSystemExecutionHarness.test_harness_status_reporting
INFO:StreamManager:âœ¨ StreamManager initialized with default buffer size: 100
INFO:SystemExecutionHarness.3b0f7c7f:âœ¨ SystemExecutionHarness created with ID: 3b0f7c7f
ERROR:__main__:âŒ TestSystemExecutionHarness.test_harness_status_reporting FAILED: can't set attribute 'is_running'
INFO:__main__:ğŸ§ª Running TestSystemExecutionHarness.test_concurrent_component_execution
INFO:StreamManager:âœ¨ StreamManager initialized with default buffer size: 100
INFO:SystemExecutionHarness.c39815b4:âœ¨ SystemExecutionHarness created with ID: c39815b4
ERROR:__main__:âŒ TestSystemExecutionHarness.test_concurrent_component_execution FAILED: can't set attribute 'is_running'
INFO:__main__:ğŸ“Š Test Results Summary:
INFO:__main__:   âœ… Passed: 2
INFO:__main__:   âŒ Failed: 10
INFO:__main__:   ğŸ“ˆ Success Rate: 16.7%
INFO:__main__:ğŸš¨ Failures:
INFO:__main__:   âŒ TestStreamManager.test_stream_health_monitoring FAILED: 'total_streams'
INFO:__main__:   âŒ TestSystemExecutionHarness.test_component_registration FAILED: can't set attribute 'is_running'
INFO:__main__:   âŒ TestSystemExecutionHarness.test_stream_connections FAILED: can't set attribute 'is_running'
INFO:__main__:   âŒ TestSystemExecutionHarness.test_simple_pipeline_execution FAILED: can't set attribute 'is_running'
INFO:__main__:   âŒ TestSystemExecutionHarness.test_dependency_order_startup FAILED: can't set attribute 'is_running'
INFO:__main__:   âŒ TestSystemExecutionHarness.test_error_handling_during_setup FAILED: can't set attribute 'is_running'
INFO:__main__:   âŒ TestSystemExecutionHarness.test_component_failure_isolation FAILED: can't set attribute 'is_running'
INFO:__main__:   âŒ TestSystemExecutionHarness.test_health_monitoring FAILED: can't set attribute 'is_running'
INFO:__main__:   âŒ TestSystemExecutionHarness.test_harness_status_reporting FAILED: can't set attribute 'is_running'
INFO:__main__:   âŒ TestSystemExecutionHarness.test_concurrent_component_execution FAILED: can't set attribute 'is_running'
WARNING:StreamManager:âš ï¸ StreamManager destroyed with 3 active streams
